<?xml version="1.0" encoding="UTF-8"?>
<testsuite name="BotCharleJr.LibraryTest" tests="1" skipped="0" failures="0" errors="0" timestamp="2020-05-02T04:07:54" hostname="DESKTOP-2B9OV2T" time="0.002">
  <properties/>
  <testcase name="testSomeLibraryMethod" classname="BotCharleJr.LibraryTest" time="0.002"/>
  <system-out><![CDATA[]]></system-out>
  <system-err><![CDATA[]]></system-err>
</testsuite>
